<?xml version="1.0" encoding="UTF-8"?>
<testsuite xmlns:xsi="http://www.w3.org/2001/XMLSchema-instance" xsi:noNamespaceSchemaLocation="https://maven.apache.org/surefire/maven-surefire-plugin/xsd/surefire-test-report.xsd" version="3.0.2" name="com.appointment.system.AppointmentSystemApplicationTests" time="13.88" tests="1" errors="0" skipped="0" failures="0">
  <properties>
[...]
</properties>
  <testcase name="contextLoads" classname="com.appointment.system.AppointmentSystemApplicationTests" time="0.973">
    <system-out><![CDATA[19:29:11.906 [main] INFO org.springframework.test.context.support.AnnotationConfigContextLoaderUtils -- Could not detect default configuration classes for test class [com.appointment.system.AppointmentSystemApplicationTests]: AppointmentSystemApplicationTests does not declare any static, non-private, non-final, nested classes annotated with @Configuration.
19:29:12.023 [main] INFO org.springframework.boot.test.context.SpringBootTestContextBootstrapper -- Found @SpringBootConfiguration com.appointment.system.AppointmentSystemApplication for test class com.appointment.system.AppointmentSystemApplicationTests
19:29:12.202 [main] INFO org.springframework.boot.devtools.restart.RestartApplicationListener -- Restart disabled due to context in which it is running

  .   ____          _            __ _ _
 /\\ / ___'_ __ _ _(_)_ __  __ _ \ \ \ \
( ( )\___ | '_ | '_| | '_ \/ _` | \ \ \ \
 \\/  ___)| |_)| | | | | || (_| |  ) ) ) )
  '  |____| .__|_| |_|_| |_\__, | / / / /
 =========|_|==============|___/=/_/_/_/

 :: Spring Boot ::                (v4.0.1)

2026-01-02 19:29:12.560 [main] INFO  c.a.s.AppointmentSystemApplicationTests - Starting AppointmentSystemApplicationTests using Java 17.0.15 with PID 3260 (started by Damasco in C:\Users\Damasco\SpringBoot\appointment-system)
2026-01-02 19:29:12.562 [main] INFO  c.a.s.AppointmentSystemApplicationTests - No active profile set, falling back to 1 default profile: "default"
2026-01-02 19:29:12.608 [main] DEBUG o.s.w.c.s.GenericWebApplicationContext - Refreshing org.springframework.web.context.support.GenericWebApplicationContext@713064e8
2026-01-02 19:29:13.911 [main] INFO  o.s.d.r.c.RepositoryConfigurationDelegate - Bootstrapping Spring Data JPA repositories in DEFAULT mode.
2026-01-02 19:29:13.986 [main] INFO  o.s.d.r.c.RepositoryConfigurationDelegate - Finished Spring Data repository scanning in 65 ms. Found 4 JPA repository interfaces.
2026-01-02 19:29:14.950 [main] INFO  org.hibernate.orm.jpa - HHH008540: Processing PersistenceUnitInfo [name: default]
2026-01-02 19:29:15.120 [main] INFO  org.hibernate.orm.core - HHH000001: Hibernate ORM core version 7.2.0.Final
2026-01-02 19:29:15.875 [main] INFO  o.s.o.j.p.SpringPersistenceUnitInfo - No LoadTimeWeaver setup: ignoring JPA class transformer
2026-01-02 19:29:15.934 [main] INFO  com.zaxxer.hikari.HikariDataSource - HikariPool-1 - Starting...
2026-01-02 19:29:16.172 [main] INFO  com.zaxxer.hikari.pool.HikariPool - HikariPool-1 - Added connection conn0: url=jdbc:h2:mem:appointmentsdb user=SA
2026-01-02 19:29:16.176 [main] INFO  com.zaxxer.hikari.HikariDataSource - HikariPool-1 - Start completed.
2026-01-02 19:29:16.213 [main] WARN  org.hibernate.orm.deprecation - HHH90000025: H2Dialect does not need to be specified explicitly using 'hibernate.dialect' (remove the property setting and it will be selected by default)
2026-01-02 19:29:16.243 [main] INFO  o.hibernate.orm.connections.pooling - HHH10001005: Database info:
	Database JDBC URL [jdbc:h2:mem:appointmentsdb]
	Database driver: H2 JDBC Driver
	Database dialect: H2Dialect
	Database version: 2.4.240
	Default catalog/schema: APPOINTMENTSDB/PUBLIC
	Autocommit mode: undefined/unknown
	Isolation level: READ_COMMITTED [default READ_COMMITTED]
	JDBC fetch size: 100
	Pool: DataSourceConnectionProvider
	Minimum pool size: undefined/unknown
	Maximum pool size: undefined/unknown
2026-01-02 19:29:18.735 [main] INFO  org.hibernate.orm.core - HHH000489: No JTA platform available (set 'hibernate.transaction.jta.platform' to enable JTA platform integration)
Hibernate: create table appointments (id bigint generated by default as identity, appointment_date_time timestamp(6) not null, approved_at timestamp(6), cancellation_reason varchar(1000), cancelled_at timestamp(6), created_at timestamp(6) not null, end_date_time timestamp(6) not null, notes varchar(2000), status enum ('APPROVED','CANCELLED','COMPLETED','PENDING') not null, updated_at timestamp(6), customer_id bigint not null, service_id bigint not null, staff_id bigint not null, primary key (id))
Hibernate: create table services (id bigint generated by default as identity, created_at timestamp(6), description varchar(1000), duration integer not null, is_active boolean not null, name varchar(255) not null, price float(53) not null, provider_id bigint, primary key (id))
Hibernate: create table users (id bigint generated by default as identity, address varchar(255), company_name varchar(255), created_at timestamp(6), email varchar(255), is_active boolean not null, license_number varchar(255), name varchar(255), password varchar(255), phone_number varchar(255), role enum ('ADMIN','CUSTOMER','STAFF'), specialty varchar(255), primary key (id))
Hibernate: create table working_schedules (id bigint generated by default as identity, created_at timestamp(6), day_of_week enum ('FRIDAY','MONDAY','SATURDAY','SUNDAY','THURSDAY','TUESDAY','WEDNESDAY') not null, end_time time(0) not null, is_holiday boolean not null, start_time time(0) not null, staff_id bigint not null, primary key (id))
Hibernate: alter table if exists working_schedules drop constraint if exists UK3prbdx0pb9orw6qv7rchy1jr0
Hibernate: alter table if exists working_schedules add constraint UK3prbdx0pb9orw6qv7rchy1jr0 unique (staff_id, day_of_week)
Hibernate: alter table if exists appointments add constraint FK4q5rt20vvnkv7eohwq22l3ayy foreign key (customer_id) references users
Hibernate: alter table if exists appointments add constraint FK5iltr7k9pows18hk8nc101vc1 foreign key (service_id) references services
Hibernate: alter table if exists appointments add constraint FK88083ngr9rv9wj4p916pj40c2 foreign key (staff_id) references users
Hibernate: alter table if exists services add constraint FKe0b0175l27ffcser90cjoots1 foreign key (provider_id) references users
Hibernate: alter table if exists working_schedules add constraint FKrqlab8rwtuvp50ncj234lj60h foreign key (staff_id) references users
2026-01-02 19:29:18.867 [main] INFO  o.s.o.j.LocalContainerEntityManagerFactoryBean - Initialized JPA EntityManagerFactory for persistence unit 'default'
2026-01-02 19:29:19.136 [main] INFO  o.s.d.j.r.q.QueryEnhancerFactories - Hibernate is in classpath; If applicable, HQL parser will be used.
2026-01-02 19:29:21.158 [main] INFO  o.s.s.c.a.a.c.InitializeUserDetailsBeanManagerConfigurer$InitializeUserDetailsManagerConfigurer - Global AuthenticationManager configured with UserDetailsService bean with name customUserDetailsService
2026-01-02 19:29:21.551 [main] DEBUG o.s.w.s.s.s.WebSocketHandlerMapping - Patterns [/ws/**, /ws] in 'stompWebSocketHandlerMapping'
2026-01-02 19:29:21.600 [main] WARN  o.s.b.j.a.JpaBaseConfiguration$JpaWebConfiguration - spring.jpa.open-in-view is enabled by default. Therefore, database queries may be performed during view rendering. Explicitly configure spring.jpa.open-in-view to disable this warning
2026-01-02 19:29:21.663 [main] DEBUG o.s.w.s.m.WebSocketAnnotationMethodMessageHandler - 
	c.a.s.c.AdminAppointmentController:
	
2026-01-02 19:29:21.664 [main] DEBUG o.s.w.s.m.WebSocketAnnotationMethodMessageHandler - 
	c.a.s.c.AdminScheduleController:
	
2026-01-02 19:29:21.664 [main] DEBUG o.s.w.s.m.WebSocketAnnotationMethodMessageHandler - 
	c.a.s.c.AppointmentController:
	
2026-01-02 19:29:21.664 [main] DEBUG o.s.w.s.m.WebSocketAnnotationMethodMessageHandler - 
	c.a.s.c.AuthController:
	
2026-01-02 19:29:21.664 [main] DEBUG o.s.w.s.m.WebSocketAnnotationMethodMessageHandler - 
	c.a.s.c.DashboardController:
	
2026-01-02 19:29:21.664 [main] DEBUG o.s.w.s.m.WebSocketAnnotationMethodMessageHandler - 
	c.a.s.c.HomeController:
	
2026-01-02 19:29:21.665 [main] DEBUG o.s.w.s.m.WebSocketAnnotationMethodMessageHandler - 
	c.a.s.c.ScheduleController:
	
2026-01-02 19:29:21.665 [main] DEBUG o.s.w.s.m.WebSocketAnnotationMethodMessageHandler - 
	c.a.s.c.ServiceController:
	
2026-01-02 19:29:21.665 [main] DEBUG o.s.w.s.m.WebSocketAnnotationMethodMessageHandler - 
	c.a.s.c.UserController:
	
2026-01-02 19:29:21.669 [main] DEBUG o.s.w.s.m.WebSocketAnnotationMethodMessageHandler - 
	o.s.b.w.a.e.BasicErrorController:
	
2026-01-02 19:29:22.387 [main] DEBUG o.s.w.s.m.m.a.RequestMappingHandlerMapping - 51 mappings in 'requestMappingHandlerMapping'
2026-01-02 19:29:22.434 [main] DEBUG o.s.w.s.h.SimpleUrlHandlerMapping - Patterns [/webjars/**, /**] in 'resourceHandlerMapping'
2026-01-02 19:29:22.479 [main] DEBUG o.s.w.s.m.m.a.RequestMappingHandlerAdapter - ControllerAdvice beans: 0 @ModelAttribute, 0 @InitBinder, 1 RequestBodyAdvice, 1 ResponseBodyAdvice
2026-01-02 19:29:22.608 [main] DEBUG o.s.w.s.m.m.a.ExceptionHandlerExceptionResolver - ControllerAdvice beans: 1 @ExceptionHandler, 1 ResponseBodyAdvice
2026-01-02 19:29:22.886 [main] INFO  o.s.b.h.a.H2ConsoleAutoConfiguration - H2 console available at '/h2-console'. Database available at 'jdbc:h2:mem:appointmentsdb'
2026-01-02 19:29:23.251 [main] INFO  o.s.b.a.e.web.EndpointLinksResolver - Exposing 1 endpoint beneath base path '/actuator'
2026-01-02 19:29:23.357 [main] DEBUG org.springframework.web.SimpLogging - clientOutboundChannel added SubProtocolWebSocketHandler[StompSubProtocolHandler[v10.stomp, v11.stomp, v12.stomp]]
2026-01-02 19:29:23.358 [main] DEBUG org.springframework.web.SimpLogging - clientInboundChannel added WebSocketAnnotationMethodMessageHandler[prefixes=[/app/]]
2026-01-02 19:29:23.358 [main] INFO  o.s.m.s.b.SimpleBrokerMessageHandler - Starting...
2026-01-02 19:29:23.358 [main] DEBUG org.springframework.web.SimpLogging - clientInboundChannel added SimpleBrokerMessageHandler [org.springframework.messaging.simp.broker.DefaultSubscriptionRegistry@5afa5d7]
2026-01-02 19:29:23.358 [main] DEBUG org.springframework.web.SimpLogging - brokerChannel added SimpleBrokerMessageHandler [org.springframework.messaging.simp.broker.DefaultSubscriptionRegistry@5afa5d7]
2026-01-02 19:29:23.359 [main] INFO  o.s.m.s.b.SimpleBrokerMessageHandler - BrokerAvailabilityEvent[available=true, SimpleBrokerMessageHandler [org.springframework.messaging.simp.broker.DefaultSubscriptionRegistry@5afa5d7]]
2026-01-02 19:29:23.360 [main] INFO  o.s.m.s.b.SimpleBrokerMessageHandler - Started.
2026-01-02 19:29:23.360 [main] DEBUG org.springframework.web.SimpLogging - clientInboundChannel added UserDestinationMessageHandler[DefaultUserDestinationResolver[prefix=/user/]]
2026-01-02 19:29:23.360 [main] DEBUG org.springframework.web.SimpLogging - brokerChannel added UserDestinationMessageHandler[DefaultUserDestinationResolver[prefix=/user/]]
2026-01-02 19:29:23.371 [main] INFO  c.a.s.AppointmentSystemApplicationTests - Started AppointmentSystemApplicationTests in 11.181 seconds (process running for 12.573)

══════════════════════════════════════════════════════════════════
┌──▶️  METHOD START  [19:29:23.444]
├─ Class: $Proxy184
├─ Method: findByEmail
└─ Signature: UserRepository.findByEmail(..)
──────────────────────────────────────────────────────────────
Hibernate: select u1_0.id,u1_0.address,u1_0.company_name,u1_0.created_at,u1_0.email,u1_0.is_active,u1_0.license_number,u1_0.name,u1_0.password,u1_0.phone_number,u1_0.role,u1_0.specialty from users u1_0 where u1_0.email=?
──────────────────────────────────────────────────────────────
┌──✅  SUCCESS  (191 ms)
├─ Class: $Proxy184
├─ Method: findByEmail
└─ Returned: Optional
══════════════════════════════════════════════════════════════════


══════════════════════════════════════════════════════════════════
┌──▶️  METHOD START  [19:29:23.734]
├─ Class: $Proxy184
├─ Method: save
└─ Signature: CrudRepository.save(..)
──────────────────────────────────────────────────────────────
Hibernate: insert into users (address,company_name,created_at,email,is_active,license_number,name,password,phone_number,role,specialty,id) values (?,?,?,?,?,?,?,?,?,?,?,default)
──────────────────────────────────────────────────────────────
┌──✅  SUCCESS  (76 ms)
├─ Class: $Proxy184
├─ Method: save
└─ Returned: User
══════════════════════════════════════════════════════════════════


══════════════════════════════════════════════════════════════════
┌──▶️  METHOD START  [19:29:23.810]
├─ Class: $Proxy184
├─ Method: findByEmail
└─ Signature: UserRepository.findByEmail(..)
──────────────────────────────────────────────────────────────
Hibernate: select u1_0.id,u1_0.address,u1_0.company_name,u1_0.created_at,u1_0.email,u1_0.is_active,u1_0.license_number,u1_0.name,u1_0.password,u1_0.phone_number,u1_0.role,u1_0.specialty from users u1_0 where u1_0.email=?
──────────────────────────────────────────────────────────────
┌──✅  SUCCESS  (3 ms)
├─ Class: $Proxy184
├─ Method: findByEmail
└─ Returned: Optional
══════════════════════════════════════════════════════════════════


══════════════════════════════════════════════════════════════════
┌──▶️  METHOD START  [19:29:23.895]
├─ Class: $Proxy184
├─ Method: save
└─ Signature: CrudRepository.save(..)
──────────────────────────────────────────────────────────────
Hibernate: insert into users (address,company_name,created_at,email,is_active,license_number,name,password,phone_number,role,specialty,id) values (?,?,?,?,?,?,?,?,?,?,?,default)
──────────────────────────────────────────────────────────────
┌──✅  SUCCESS  (2 ms)
├─ Class: $Proxy184
├─ Method: save
└─ Returned: User
══════════════════════════════════════════════════════════════════


══════════════════════════════════════════════════════════════════
┌──▶️  METHOD START  [19:29:23.899]
├─ Class: $Proxy184
├─ Method: findByEmail
└─ Signature: UserRepository.findByEmail(..)
──────────────────────────────────────────────────────────────
Hibernate: select u1_0.id,u1_0.address,u1_0.company_name,u1_0.created_at,u1_0.email,u1_0.is_active,u1_0.license_number,u1_0.name,u1_0.password,u1_0.phone_number,u1_0.role,u1_0.specialty from users u1_0 where u1_0.email=?
──────────────────────────────────────────────────────────────
┌──✅  SUCCESS  (2 ms)
├─ Class: $Proxy184
├─ Method: findByEmail
└─ Returned: Optional
══════════════════════════════════════════════════════════════════


══════════════════════════════════════════════════════════════════
┌──▶️  METHOD START  [19:29:23.985]
├─ Class: $Proxy184
├─ Method: save
└─ Signature: CrudRepository.save(..)
──────────────────────────────────────────────────────────────
Hibernate: insert into users (address,company_name,created_at,email,is_active,license_number,name,password,phone_number,role,specialty,id) values (?,?,?,?,?,?,?,?,?,?,?,default)
──────────────────────────────────────────────────────────────
┌──✅  SUCCESS  (3 ms)
├─ Class: $Proxy184
├─ Method: save
└─ Returned: User
══════════════════════════════════════════════════════════════════


══════════════════════════════════════════════════════════════════
┌──▶️  METHOD START  [19:29:23.989]
├─ Class: $Proxy184
├─ Method: findByEmail
└─ Signature: UserRepository.findByEmail(..)
──────────────────────────────────────────────────────────────
Hibernate: select u1_0.id,u1_0.address,u1_0.company_name,u1_0.created_at,u1_0.email,u1_0.is_active,u1_0.license_number,u1_0.name,u1_0.password,u1_0.phone_number,u1_0.role,u1_0.specialty from users u1_0 where u1_0.email=?
──────────────────────────────────────────────────────────────
┌──✅  SUCCESS  (1 ms)
├─ Class: $Proxy184
├─ Method: findByEmail
└─ Returned: Optional
══════════════════════════════════════════════════════════════════


══════════════════════════════════════════════════════════════════
┌──▶️  METHOD START  [19:29:24.067]
├─ Class: $Proxy184
├─ Method: save
└─ Signature: CrudRepository.save(..)
──────────────────────────────────────────────────────────────
Hibernate: insert into users (address,company_name,created_at,email,is_active,license_number,name,password,phone_number,role,specialty,id) values (?,?,?,?,?,?,?,?,?,?,?,default)
──────────────────────────────────────────────────────────────
┌──✅  SUCCESS  (4 ms)
├─ Class: $Proxy184
├─ Method: save
└─ Returned: User
══════════════════════════════════════════════════════════════════


══════════════════════════════════════════════════════════════════
┌──▶️  METHOD START  [19:29:24.072]
├─ Class: $Proxy184
├─ Method: findByEmail
└─ Signature: UserRepository.findByEmail(..)
──────────────────────────────────────────────────────────────
Hibernate: select u1_0.id,u1_0.address,u1_0.company_name,u1_0.created_at,u1_0.email,u1_0.is_active,u1_0.license_number,u1_0.name,u1_0.password,u1_0.phone_number,u1_0.role,u1_0.specialty from users u1_0 where u1_0.email=?
──────────────────────────────────────────────────────────────
┌──✅  SUCCESS  (2 ms)
├─ Class: $Proxy184
├─ Method: findByEmail
└─ Returned: Optional
══════════════════════════════════════════════════════════════════


══════════════════════════════════════════════════════════════════
┌──▶️  METHOD START  [19:29:24.169]
├─ Class: $Proxy184
├─ Method: save
└─ Signature: CrudRepository.save(..)
──────────────────────────────────────────────────────────────
Hibernate: insert into users (address,company_name,created_at,email,is_active,license_number,name,password,phone_number,role,specialty,id) values (?,?,?,?,?,?,?,?,?,?,?,default)
──────────────────────────────────────────────────────────────
┌──✅  SUCCESS  (21 ms)
├─ Class: $Proxy184
├─ Method: save
└─ Returned: User
══════════════════════════════════════════════════════════════════


══════════════════════════════════════════════════════════════════
┌──▶️  METHOD START  [19:29:24.204]
├─ Class: $Proxy185
├─ Method: count
└─ Signature: CrudRepository.count()
──────────────────────────────────────────────────────────────
Hibernate: select count(*) from services s1_0
──────────────────────────────────────────────────────────────
┌──✅  SUCCESS  (113 ms)
├─ Class: $Proxy185
├─ Method: count
└─ Returned: Long
══════════════════════════════════════════════════════════════════


══════════════════════════════════════════════════════════════════
┌──▶️  METHOD START  [19:29:24.319]
├─ Class: $Proxy185
├─ Method: save
└─ Signature: CrudRepository.save(..)
──────────────────────────────────────────────────────────────
Hibernate: insert into services (created_at,description,duration,is_active,name,price,provider_id,id) values (?,?,?,?,?,?,?,default)
──────────────────────────────────────────────────────────────
┌──✅  SUCCESS  (11 ms)
├─ Class: $Proxy185
├─ Method: save
└─ Returned: Service
══════════════════════════════════════════════════════════════════


══════════════════════════════════════════════════════════════════
┌──▶️  METHOD START  [19:29:24.331]
├─ Class: $Proxy185
├─ Method: save
└─ Signature: CrudRepository.save(..)
──────────────────────────────────────────────────────────────
Hibernate: insert into services (created_at,description,duration,is_active,name,price,provider_id,id) values (?,?,?,?,?,?,?,default)
──────────────────────────────────────────────────────────────
┌──✅  SUCCESS  (4 ms)
├─ Class: $Proxy185
├─ Method: save
└─ Returned: Service
══════════════════════════════════════════════════════════════════


══════════════════════════════════════════════════════════════════
┌──▶️  METHOD START  [19:29:24.336]
├─ Class: $Proxy185
├─ Method: save
└─ Signature: CrudRepository.save(..)
──────────────────────────────────────────────────────────────
Hibernate: insert into services (created_at,description,duration,is_active,name,price,provider_id,id) values (?,?,?,?,?,?,?,default)
──────────────────────────────────────────────────────────────
┌──✅  SUCCESS  (2 ms)
├─ Class: $Proxy185
├─ Method: save
└─ Returned: Service
══════════════════════════════════════════════════════════════════


══════════════════════════════════════════════════════════════════
┌──▶️  METHOD START  [19:29:24.338]
├─ Class: $Proxy185
├─ Method: save
└─ Signature: CrudRepository.save(..)
──────────────────────────────────────────────────────────────
Hibernate: insert into services (created_at,description,duration,is_active,name,price,provider_id,id) values (?,?,?,?,?,?,?,default)
──────────────────────────────────────────────────────────────
┌──✅  SUCCESS  (5 ms)
├─ Class: $Proxy185
├─ Method: save
└─ Returned: Service
══════════════════════════════════════════════════════════════════


══════════════════════════════════════════════════════════════════
┌──▶️  METHOD START  [19:29:24.345]
├─ Class: $Proxy186
├─ Method: count
└─ Signature: CrudRepository.count()
──────────────────────────────────────────────────────────────
Hibernate: select count(*) from working_schedules ws1_0
──────────────────────────────────────────────────────────────
┌──✅  SUCCESS  (7 ms)
├─ Class: $Proxy186
├─ Method: count
└─ Returned: Long
══════════════════════════════════════════════════════════════════


══════════════════════════════════════════════════════════════════
┌──▶️  METHOD START  [19:29:24.356]
├─ Class: $Proxy186
├─ Method: save
└─ Signature: CrudRepository.save(..)
──────────────────────────────────────────────────────────────
Hibernate: insert into working_schedules (created_at,day_of_week,end_time,is_holiday,staff_id,start_time,id) values (?,?,?,?,?,?,default)
──────────────────────────────────────────────────────────────
┌──✅  SUCCESS  (8 ms)
├─ Class: $Proxy186
├─ Method: save
└─ Returned: WorkingSchedule
══════════════════════════════════════════════════════════════════


══════════════════════════════════════════════════════════════════
┌──▶️  METHOD START  [19:29:24.366]
├─ Class: $Proxy186
├─ Method: save
└─ Signature: CrudRepository.save(..)
──────────────────────────────────────────────────────────────
Hibernate: insert into working_schedules (created_at,day_of_week,end_time,is_holiday,staff_id,start_time,id) values (?,?,?,?,?,?,default)
──────────────────────────────────────────────────────────────
┌──✅  SUCCESS  (3 ms)
├─ Class: $Proxy186
├─ Method: save
└─ Returned: WorkingSchedule
══════════════════════════════════════════════════════════════════


══════════════════════════════════════════════════════════════════
┌──▶️  METHOD START  [19:29:24.370]
├─ Class: $Proxy186
├─ Method: save
└─ Signature: CrudRepository.save(..)
──────────────────────────────────────────────────────────────
Hibernate: insert into working_schedules (created_at,day_of_week,end_time,is_holiday,staff_id,start_time,id) values (?,?,?,?,?,?,default)
──────────────────────────────────────────────────────────────
┌──✅  SUCCESS  (3 ms)
├─ Class: $Proxy186
├─ Method: save
└─ Returned: WorkingSchedule
══════════════════════════════════════════════════════════════════


══════════════════════════════════════════════════════════════════
┌──▶️  METHOD START  [19:29:24.374]
├─ Class: $Proxy186
├─ Method: save
└─ Signature: CrudRepository.save(..)
──────────────────────────────────────────────────────────────
Hibernate: insert into working_schedules (created_at,day_of_week,end_time,is_holiday,staff_id,start_time,id) values (?,?,?,?,?,?,default)
──────────────────────────────────────────────────────────────
┌──✅  SUCCESS  (5 ms)
├─ Class: $Proxy186
├─ Method: save
└─ Returned: WorkingSchedule
══════════════════════════════════════════════════════════════════


══════════════════════════════════════════════════════════════════
┌──▶️  METHOD START  [19:29:24.379]
├─ Class: $Proxy186
├─ Method: save
└─ Signature: CrudRepository.save(..)
──────────────────────────────────────────────────────────────
Hibernate: insert into working_schedules (created_at,day_of_week,end_time,is_holiday,staff_id,start_time,id) values (?,?,?,?,?,?,default)
──────────────────────────────────────────────────────────────
┌──✅  SUCCESS  (5 ms)
├─ Class: $Proxy186
├─ Method: save
└─ Returned: WorkingSchedule
══════════════════════════════════════════════════════════════════


══════════════════════════════════════════════════════════════════
┌──▶️  METHOD START  [19:29:24.384]
├─ Class: $Proxy186
├─ Method: save
└─ Signature: CrudRepository.save(..)
──────────────────────────────────────────────────────────────
Hibernate: insert into working_schedules (created_at,day_of_week,end_time,is_holiday,staff_id,start_time,id) values (?,?,?,?,?,?,default)
──────────────────────────────────────────────────────────────
┌──✅  SUCCESS  (3 ms)
├─ Class: $Proxy186
├─ Method: save
└─ Returned: WorkingSchedule
══════════════════════════════════════════════════════════════════


══════════════════════════════════════════════════════════════════
┌──▶️  METHOD START  [19:29:24.387]
├─ Class: $Proxy186
├─ Method: save
└─ Signature: CrudRepository.save(..)
──────────────────────────────────────────────────────────────
Hibernate: insert into working_schedules (created_at,day_of_week,end_time,is_holiday,staff_id,start_time,id) values (?,?,?,?,?,?,default)
──────────────────────────────────────────────────────────────
┌──✅  SUCCESS  (4 ms)
├─ Class: $Proxy186
├─ Method: save
└─ Returned: WorkingSchedule
══════════════════════════════════════════════════════════════════


══════════════════════════════════════════════════════════════════
┌──▶️  METHOD START  [19:29:24.393]
├─ Class: $Proxy186
├─ Method: save
└─ Signature: CrudRepository.save(..)
──────────────────────────────────────────────────────────────
Hibernate: insert into working_schedules (created_at,day_of_week,end_time,is_holiday,staff_id,start_time,id) values (?,?,?,?,?,?,default)
──────────────────────────────────────────────────────────────
┌──✅  SUCCESS  (5 ms)
├─ Class: $Proxy186
├─ Method: save
└─ Returned: WorkingSchedule
══════════════════════════════════════════════════════════════════


══════════════════════════════════════════════════════════════════
┌──▶️  METHOD START  [19:29:24.398]
├─ Class: $Proxy186
├─ Method: save
└─ Signature: CrudRepository.save(..)
──────────────────────────────────────────────────────────────
Hibernate: insert into working_schedules (created_at,day_of_week,end_time,is_holiday,staff_id,start_time,id) values (?,?,?,?,?,?,default)
──────────────────────────────────────────────────────────────
┌──✅  SUCCESS  (2 ms)
├─ Class: $Proxy186
├─ Method: save
└─ Returned: WorkingSchedule
══════════════════════════════════════════════════════════════════


══════════════════════════════════════════════════════════════════
┌──▶️  METHOD START  [19:29:24.401]
├─ Class: $Proxy186
├─ Method: save
└─ Signature: CrudRepository.save(..)
──────────────────────────────────────────────────────────────
Hibernate: insert into working_schedules (created_at,day_of_week,end_time,is_holiday,staff_id,start_time,id) values (?,?,?,?,?,?,default)
──────────────────────────────────────────────────────────────
┌──✅  SUCCESS  (2 ms)
├─ Class: $Proxy186
├─ Method: save
└─ Returned: WorkingSchedule
══════════════════════════════════════════════════════════════════


══════════════════════════════════════════════════════════════════
┌──▶️  METHOD START  [19:29:24.404]
├─ Class: $Proxy186
├─ Method: save
└─ Signature: CrudRepository.save(..)
──────────────────────────────────────────────────────────────
Hibernate: insert into working_schedules (created_at,day_of_week,end_time,is_holiday,staff_id,start_time,id) values (?,?,?,?,?,?,default)
──────────────────────────────────────────────────────────────
┌──✅  SUCCESS  (2 ms)
├─ Class: $Proxy186
├─ Method: save
└─ Returned: WorkingSchedule
══════════════════════════════════════════════════════════════════


══════════════════════════════════════════════════════════════════
┌──▶️  METHOD START  [19:29:24.408]
├─ Class: $Proxy189
├─ Method: count
└─ Signature: CrudRepository.count()
──────────────────────────────────────────────────────────────
Hibernate: select count(*) from appointments a1_0
──────────────────────────────────────────────────────────────
┌──✅  SUCCESS  (4 ms)
├─ Class: $Proxy189
├─ Method: count
└─ Returned: Long
══════════════════════════════════════════════════════════════════


══════════════════════════════════════════════════════════════════
┌──▶️  METHOD START  [19:29:24.413]
├─ Class: $Proxy185
├─ Method: findByIsActiveTrue
└─ Signature: ServiceRepository.findByIsActiveTrue()
──────────────────────────────────────────────────────────────
Hibernate: select s1_0.id,s1_0.created_at,s1_0.description,s1_0.duration,s1_0.is_active,s1_0.name,s1_0.price,s1_0.provider_id from services s1_0 where s1_0.is_active=true
──────────────────────────────────────────────────────────────
┌──✅  SUCCESS  (28 ms)
├─ Class: $Proxy185
├─ Method: findByIsActiveTrue
└─ Returned: 4 item(s)
══════════════════════════════════════════════════════════════════


══════════════════════════════════════════════════════════════════
┌──▶️  METHOD START  [19:29:24.442]
├─ Class: $Proxy185
├─ Method: findByIsActiveTrue
└─ Signature: ServiceRepository.findByIsActiveTrue()
──────────────────────────────────────────────────────────────
Hibernate: select s1_0.id,s1_0.created_at,s1_0.description,s1_0.duration,s1_0.is_active,s1_0.name,s1_0.price,s1_0.provider_id from services s1_0 where s1_0.is_active=true
──────────────────────────────────────────────────────────────
┌──✅  SUCCESS  (5 ms)
├─ Class: $Proxy185
├─ Method: findByIsActiveTrue
└─ Returned: 4 item(s)
══════════════════════════════════════════════════════════════════


══════════════════════════════════════════════════════════════════
┌──▶️  METHOD START  [19:29:24.449]
├─ Class: $Proxy189
├─ Method: save
└─ Signature: CrudRepository.save(..)
──────────────────────────────────────────────────────────────
Hibernate: insert into appointments (appointment_date_time,approved_at,cancellation_reason,cancelled_at,created_at,customer_id,end_date_time,notes,service_id,staff_id,status,updated_at,id) values (?,?,?,?,?,?,?,?,?,?,?,?,default)
──────────────────────────────────────────────────────────────
┌──✅  SUCCESS  (11 ms)
├─ Class: $Proxy189
├─ Method: save
└─ Returned: Appointment
══════════════════════════════════════════════════════════════════


══════════════════════════════════════════════════════════════════
┌──▶️  METHOD START  [19:29:24.461]
├─ Class: $Proxy189
├─ Method: save
└─ Signature: CrudRepository.save(..)
──────────────────────────────────────────────────────────────
Hibernate: insert into appointments (appointment_date_time,approved_at,cancellation_reason,cancelled_at,created_at,customer_id,end_date_time,notes,service_id,staff_id,status,updated_at,id) values (?,?,?,?,?,?,?,?,?,?,?,?,default)
──────────────────────────────────────────────────────────────
┌──✅  SUCCESS  (8 ms)
├─ Class: $Proxy189
├─ Method: save
└─ Returned: Appointment
══════════════════════════════════════════════════════════════════


══════════════════════════════════════════════════════════════════
┌──▶️  METHOD START  [19:29:24.469]
├─ Class: $Proxy189
├─ Method: save
└─ Signature: CrudRepository.save(..)
──────────────────────────────────────────────────────────────
Hibernate: insert into appointments (appointment_date_time,approved_at,cancellation_reason,cancelled_at,created_at,customer_id,end_date_time,notes,service_id,staff_id,status,updated_at,id) values (?,?,?,?,?,?,?,?,?,?,?,?,default)
──────────────────────────────────────────────────────────────
┌──✅  SUCCESS  (16 ms)
├─ Class: $Proxy189
├─ Method: save
└─ Returned: Appointment
══════════════════════════════════════════════════════════════════


══════════════════════════════════════════════════════════════════
┌──▶️  METHOD START  [19:29:24.488]
├─ Class: $Proxy189
├─ Method: save
└─ Signature: CrudRepository.save(..)
──────────────────────────────────────────────────────────────
Hibernate: insert into appointments (appointment_date_time,approved_at,cancellation_reason,cancelled_at,created_at,customer_id,end_date_time,notes,service_id,staff_id,status,updated_at,id) values (?,?,?,?,?,?,?,?,?,?,?,?,default)
──────────────────────────────────────────────────────────────
┌──✅  SUCCESS  (9 ms)
├─ Class: $Proxy189
├─ Method: save
└─ Returned: Appointment
══════════════════════════════════════════════════════════════════

]]></system-out>
  </testcase>
</testsuite>